  Determining projects to restore...
  All projects are up-to-date for restore.
  GreenHaven.API -> F:\Workspaces\GreenHaven\GreenHaven.API\bin\Debug\net8.0\GreenHaven.API.dll
F:\Workspaces\GreenHaven\GreenHaven.Tests\UnitTest1.cs(5,6): error CS0246: The type or namespace name 'FactAttribute' could not be found (are you missing a using directive or an assembly reference?) [F:\Workspaces\GreenHaven\GreenHaven.Tests\GreenHaven.Tests.csproj]
F:\Workspaces\GreenHaven\GreenHaven.Tests\UnitTest1.cs(5,6): error CS0246: The type or namespace name 'Fact' could not be found (are you missing a using directive or an assembly reference?) [F:\Workspaces\GreenHaven\GreenHaven.Tests\GreenHaven.Tests.csproj]
F:\Workspaces\GreenHaven\GreenHaven.Tests\MessagesControllerTests.cs(52,6): error CS0246: The type or namespace name 'FactAttribute' could not be found (are you missing a using directive or an assembly reference?) [F:\Workspaces\GreenHaven\GreenHaven.Tests\GreenHaven.Tests.csproj]
F:\Workspaces\GreenHaven\GreenHaven.Tests\MessagesControllerTests.cs(52,6): error CS0246: The type or namespace name 'Fact' could not be found (are you missing a using directive or an assembly reference?) [F:\Workspaces\GreenHaven\GreenHaven.Tests\GreenHaven.Tests.csproj]
F:\Workspaces\GreenHaven\GreenHaven.Tests\MessagesControllerTests.cs(75,6): error CS0246: The type or namespace name 'FactAttribute' could not be found (are you missing a using directive or an assembly reference?) [F:\Workspaces\GreenHaven\GreenHaven.Tests\GreenHaven.Tests.csproj]
F:\Workspaces\GreenHaven\GreenHaven.Tests\MessagesControllerTests.cs(75,6): error CS0246: The type or namespace name 'Fact' could not be found (are you missing a using directive or an assembly reference?) [F:\Workspaces\GreenHaven\GreenHaven.Tests\GreenHaven.Tests.csproj]
F:\Workspaces\GreenHaven\GreenHaven.Tests\MessagesControllerTests.cs(90,6): error CS0246: The type or namespace name 'FactAttribute' could not be found (are you missing a using directive or an assembly reference?) [F:\Workspaces\GreenHaven\GreenHaven.Tests\GreenHaven.Tests.csproj]
F:\Workspaces\GreenHaven\GreenHaven.Tests\MessagesControllerTests.cs(90,6): error CS0246: The type or namespace name 'Fact' could not be found (are you missing a using directive or an assembly reference?) [F:\Workspaces\GreenHaven\GreenHaven.Tests\GreenHaven.Tests.csproj]
F:\Workspaces\GreenHaven\GreenHaven.Tests\MessagesControllerTests.cs(113,6): error CS0246: The type or namespace name 'FactAttribute' could not be found (are you missing a using directive or an assembly reference?) [F:\Workspaces\GreenHaven\GreenHaven.Tests\GreenHaven.Tests.csproj]
F:\Workspaces\GreenHaven\GreenHaven.Tests\MessagesControllerTests.cs(113,6): error CS0246: The type or namespace name 'Fact' could not be found (are you missing a using directive or an assembly reference?) [F:\Workspaces\GreenHaven\GreenHaven.Tests\GreenHaven.Tests.csproj]

Build FAILED.

F:\Workspaces\GreenHaven\GreenHaven.Tests\UnitTest1.cs(5,6): error CS0246: The type or namespace name 'FactAttribute' could not be found (are you missing a using directive or an assembly reference?) [F:\Workspaces\GreenHaven\GreenHaven.Tests\GreenHaven.Tests.csproj]
F:\Workspaces\GreenHaven\GreenHaven.Tests\UnitTest1.cs(5,6): error CS0246: The type or namespace name 'Fact' could not be found (are you missing a using directive or an assembly reference?) [F:\Workspaces\GreenHaven\GreenHaven.Tests\GreenHaven.Tests.csproj]
F:\Workspaces\GreenHaven\GreenHaven.Tests\MessagesControllerTests.cs(52,6): error CS0246: The type or namespace name 'FactAttribute' could not be found (are you missing a using directive or an assembly reference?) [F:\Workspaces\GreenHaven\GreenHaven.Tests\GreenHaven.Tests.csproj]
F:\Workspaces\GreenHaven\GreenHaven.Tests\MessagesControllerTests.cs(52,6): error CS0246: The type or namespace name 'Fact' could not be found (are you missing a using directive or an assembly reference?) [F:\Workspaces\GreenHaven\GreenHaven.Tests\GreenHaven.Tests.csproj]
F:\Workspaces\GreenHaven\GreenHaven.Tests\MessagesControllerTests.cs(75,6): error CS0246: The type or namespace name 'FactAttribute' could not be found (are you missing a using directive or an assembly reference?) [F:\Workspaces\GreenHaven\GreenHaven.Tests\GreenHaven.Tests.csproj]
F:\Workspaces\GreenHaven\GreenHaven.Tests\MessagesControllerTests.cs(75,6): error CS0246: The type or namespace name 'Fact' could not be found (are you missing a using directive or an assembly reference?) [F:\Workspaces\GreenHaven\GreenHaven.Tests\GreenHaven.Tests.csproj]
F:\Workspaces\GreenHaven\GreenHaven.Tests\MessagesControllerTests.cs(90,6): error CS0246: The type or namespace name 'FactAttribute' could not be found (are you missing a using directive or an assembly reference?) [F:\Workspaces\GreenHaven\GreenHaven.Tests\GreenHaven.Tests.csproj]
F:\Workspaces\GreenHaven\GreenHaven.Tests\MessagesControllerTests.cs(90,6): error CS0246: The type or namespace name 'Fact' could not be found (are you missing a using directive or an assembly reference?) [F:\Workspaces\GreenHaven\GreenHaven.Tests\GreenHaven.Tests.csproj]
F:\Workspaces\GreenHaven\GreenHaven.Tests\MessagesControllerTests.cs(113,6): error CS0246: The type or namespace name 'FactAttribute' could not be found (are you missing a using directive or an assembly reference?) [F:\Workspaces\GreenHaven\GreenHaven.Tests\GreenHaven.Tests.csproj]
F:\Workspaces\GreenHaven\GreenHaven.Tests\MessagesControllerTests.cs(113,6): error CS0246: The type or namespace name 'Fact' could not be found (are you missing a using directive or an assembly reference?) [F:\Workspaces\GreenHaven\GreenHaven.Tests\GreenHaven.Tests.csproj]
    0 Warning(s)
    10 Error(s)

Time Elapsed 00:00:01.32
